Assembler report for DE10_NANO_SoC_GHRD
Mon Feb 12 23:18:15 2018
Quartus II 64-Bit Version 14.0.0 Build 200 06/17/2014 SJ Web Edition


---------------------
; Table of Contents ;
---------------------
  1. Legal Notice
  2. Assembler Summary
  3. Assembler Settings
  4. Assembler Encrypted IP Cores Summary
  5. Assembler Generated Files
  6. Assembler Device Options: DE10_NANO_SoC_GHRD_time_limited.sof
  7. Assembler Messages



----------------
; Legal Notice ;
----------------
Copyright (C) 1991-2014 Altera Corporation. All rights reserved.
Your use of Altera Corporation's design tools, logic functions 
and other software and tools, and its AMPP partner logic 
functions, and any output files from any of the foregoing 
(including device programming or simulation files), and any 
associated documentation or information are expressly subject 
to the terms and conditions of the Altera Program License 
Subscription Agreement, the Altera Quartus II License Agreement,
the Altera MegaCore Function License Agreement, or other 
applicable license agreement, including, without limitation, 
that your use is for the sole purpose of programming logic 
devices manufactured by Altera and sold by Altera or its 
authorized distributors.  Please refer to the applicable 
agreement for further details.



+---------------------------------------------------------------+
; Assembler Summary                                             ;
+-----------------------+---------------------------------------+
; Assembler Status      ; Successful - Mon Feb 12 23:18:15 2018 ;
; Revision Name         ; DE10_NANO_SoC_GHRD                    ;
; Top-level Entity Name ; toplevel                              ;
; Family                ; Cyclone V                             ;
; Device                ; 5CSEBA6U23I7                          ;
+-----------------------+---------------------------------------+


+--------------------------------------------------------------------------------------------------------+
; Assembler Settings                                                                                     ;
+-----------------------------------------------------------------------------+----------+---------------+
; Option                                                                      ; Setting  ; Default Value ;
+-----------------------------------------------------------------------------+----------+---------------+
; Use smart compilation                                                       ; Off      ; Off           ;
; Enable OCT_DONE                                                             ; Off      ; On            ;
; Enable parallel Assembler and TimeQuest Timing Analyzer during compilation  ; On       ; On            ;
; Enable compact report table                                                 ; Off      ; Off           ;
; Generate compressed bitstreams                                              ; On       ; On            ;
; Compression mode                                                            ; Off      ; Off           ;
; Clock source for configuration device                                       ; Internal ; Internal      ;
; Clock frequency of the configuration device                                 ; 10 MHZ   ; 10 MHz        ;
; Divide clock frequency by                                                   ; 1        ; 1             ;
; Auto user code                                                              ; On       ; On            ;
; Configuration device                                                        ; Auto     ; Auto          ;
; Configuration device auto user code                                         ; Off      ; Off           ;
; Generate Tabular Text File (.ttf) For Target Device                         ; Off      ; Off           ;
; Generate Raw Binary File (.rbf) For Target Device                           ; Off      ; Off           ;
; Generate Hexadecimal (Intel-Format) Output File (.hexout) for Target Device ; Off      ; Off           ;
; Hexadecimal Output File start address                                       ; 0        ; 0             ;
; Hexadecimal Output File count direction                                     ; Up       ; Up            ;
; Release clears before tri-states                                            ; Off      ; Off           ;
; Auto-restart configuration after error                                      ; On       ; On            ;
; Use Checkered Pattern as Uninitialized RAM Content                          ; Off      ; Off           ;
; Enable autonomous PCIe HIP mode                                             ; Off      ; Off           ;
; Generate Serial Vector Format File (.svf) for Target Device                 ; Off      ; Off           ;
; Generate a JEDEC STAPL Format File (.jam) for Target Device                 ; Off      ; Off           ;
; Generate a compressed Jam STAPL Byte Code 2.0 File (.jbc) for Target Device ; Off      ; Off           ;
; Generate a compressed Jam STAPL Byte Code 2.0 File (.jbc) for Target Device ; On       ; On            ;
+-----------------------------------------------------------------------------+----------+---------------+


+--------------------------------------------------------+
; Assembler Encrypted IP Cores Summary                   ;
+--------+-------------------------------+---------------+
; Vendor ; IP Core Name                  ; License Type  ;
+--------+-------------------------------+---------------+
; Altera ; Nios II Processor (6AF7 00A2) ; OpenCore Plus ;
; Altera ; Signal Tap (6AF7 BCE1)        ; Licensed      ;
; Altera ; Signal Tap (6AF7 BCEC)        ; Licensed      ;
+--------+-------------------------------+---------------+


+-------------------------------------+
; Assembler Generated Files           ;
+-------------------------------------+
; File Name                           ;
+-------------------------------------+
; DE10_NANO_SoC_GHRD_time_limited.sof ;
+-------------------------------------+


+---------------------------------------------------------------+
; Assembler Device Options: DE10_NANO_SoC_GHRD_time_limited.sof ;
+----------------+----------------------------------------------+
; Option         ; Setting                                      ;
+----------------+----------------------------------------------+
; Device         ; 5CSEBA6U23I7                                 ;
; JTAG usercode  ; 0x0C398E25                                   ;
; Checksum       ; 0x0C398E25                                   ;
+----------------+----------------------------------------------+


+--------------------+
; Assembler Messages ;
+--------------------+
Info: *******************************************************************
Info: Running Quartus II 64-Bit Assembler
    Info: Version 14.0.0 Build 200 06/17/2014 SJ Web Edition
    Info: Copyright (C) 1991-2014 Altera Corporation. All rights reserved.
    Info: Your use of Altera Corporation's design tools, logic functions 
    Info: and other software and tools, and its AMPP partner logic 
    Info: functions, and any output files from any of the foregoing 
    Info: (including device programming or simulation files), and any 
    Info: associated documentation or information are expressly subject 
    Info: to the terms and conditions of the Altera Program License 
    Info: Subscription Agreement, the Altera Quartus II License Agreement,
    Info: the Altera MegaCore Function License Agreement, or other 
    Info: applicable license agreement, including, without limitation, 
    Info: that your use is for the sole purpose of programming logic 
    Info: devices manufactured by Altera and sold by Altera or its 
    Info: authorized distributors.  Please refer to the applicable 
    Info: agreement for further details.
    Info: Processing started: Mon Feb 12 23:17:53 2018
Info: Command: quartus_asm DE10_NANO_SoC_GHRD
Warning (125092): Tcl Script File pll_25MHz/pll_25MHz_0002.qip not found
    Info (125063): set_global_assignment -name QIP_FILE pll_25MHz/pll_25MHz_0002.qip -qip pll_25MHz.qip -library pll_25MHz
Warning (20013): Ignored assignments for entity "pll_25MHz" -- entity does not exist in design
    Warning (20014): Assignment for entity set_global_assignment -name IP_GENERATED_DEVICE_FAMILY "\{Cyclone V\}" -entity pll_25MHz -qip pll_25MHz.qip -library pll_25MHz was ignored
    Warning (20014): Assignment for entity set_global_assignment -name IP_TARGETED_DEVICE_FAMILY "Cyclone V" -entity pll_25MHz -qip pll_25MHz.qip -library pll_25MHz was ignored
    Warning (20014): Assignment for entity set_global_assignment -name IP_QSYS_MODE UNKNOWN -entity pll_25MHz -qip pll_25MHz.qip -library pll_25MHz was ignored
    Warning (20014): Assignment for entity set_global_assignment -name IP_TOOL_NAME altera_pll -entity pll_25MHz -qip pll_25MHz.qip -library pll_25MHz was ignored
    Warning (20014): Assignment for entity set_global_assignment -name IP_TOOL_NAME altera_pll -entity pll_25MHz -sip pll_25MHz.sip -library lib_pll_25MHz was ignored
    Warning (20014): Assignment for entity set_global_assignment -name IP_TOOL_VERSION 14.0 -entity pll_25MHz -qip pll_25MHz.qip -library pll_25MHz was ignored
    Warning (20014): Assignment for entity set_global_assignment -name IP_TOOL_VERSION 14.0 -entity pll_25MHz -sip pll_25MHz.sip -library lib_pll_25MHz was ignored
    Warning (20014): Assignment for entity set_global_assignment -name IP_TOOL_ENV mwpim -entity pll_25MHz -qip pll_25MHz.qip -library pll_25MHz was ignored
    Warning (20014): Assignment for entity set_global_assignment -name IP_TOOL_ENV mwpim -entity pll_25MHz -sip pll_25MHz.sip -library lib_pll_25MHz was ignored
    Warning (20014): Assignment for entity set_global_assignment -name IP_COMPONENT_NAME cGxsXzI1TUh6 -entity pll_25MHz -qip pll_25MHz.qip -library pll_25MHz was ignored
    Warning (20014): Assignment for entity set_global_assignment -name IP_COMPONENT_DISPLAY_NAME "QWx0ZXJhIFBMTA==" -entity pll_25MHz -qip pll_25MHz.qip -library pll_25MHz was ignored
    Warning (20014): Assignment for entity set_global_assignment -name IP_COMPONENT_REPORT_HIERARCHY OFF -entity pll_25MHz -qip pll_25MHz.qip -library pll_25MHz was ignored
    Warning (20014): Assignment for entity set_global_assignment -name IP_COMPONENT_INTERNAL OFF -entity pll_25MHz -qip pll_25MHz.qip -library pll_25MHz was ignored
    Warning (20014): Assignment for entity set_global_assignment -name IP_COMPONENT_AUTHOR QWx0ZXJhIENvcnBvcmF0aW9u -entity pll_25MHz -qip pll_25MHz.qip -library pll_25MHz was ignored
    Warning (20014): Assignment for entity set_global_assignment -name IP_COMPONENT_VERSION "MTQuMA==" -entity pll_25MHz -qip pll_25MHz.qip -library pll_25MHz was ignored
    Warning (20014): Assignment for entity set_global_assignment -name IP_COMPONENT_DESCRIPTION "QWx0ZXJhIFBoYXNlLUxvY2tlZCBMb29wIChBTFRFUkFfUExMKQ==" -entity pll_25MHz -qip pll_25MHz.qip -library pll_25MHz was ignored
Warning (20013): Ignored assignments for entity "pll_25MHz_0002" -- entity does not exist in design
    Warning (20014): Assignment for entity set_global_assignment -name IP_TOOL_NAME altera_pll -entity pll_25MHz_0002 -qip pll_25MHz.qip -library pll_25MHz was ignored
    Warning (20014): Assignment for entity set_global_assignment -name IP_TOOL_VERSION 14.0 -entity pll_25MHz_0002 -qip pll_25MHz.qip -library pll_25MHz was ignored
    Warning (20014): Assignment for entity set_global_assignment -name IP_TOOL_ENV mwpim -entity pll_25MHz_0002 -qip pll_25MHz.qip -library pll_25MHz was ignored
    Warning (20014): Assignment for entity set_global_assignment -name IP_COMPONENT_NAME "cGxsXzI1TUh6XzAwMDI=" -entity pll_25MHz_0002 -qip pll_25MHz.qip -library pll_25MHz was ignored
    Warning (20014): Assignment for entity set_global_assignment -name IP_COMPONENT_DISPLAY_NAME "QWx0ZXJhIFBMTA==" -entity pll_25MHz_0002 -qip pll_25MHz.qip -library pll_25MHz was ignored
    Warning (20014): Assignment for entity set_global_assignment -name IP_COMPONENT_REPORT_HIERARCHY OFF -entity pll_25MHz_0002 -qip pll_25MHz.qip -library pll_25MHz was ignored
    Warning (20014): Assignment for entity set_global_assignment -name IP_COMPONENT_INTERNAL OFF -entity pll_25MHz_0002 -qip pll_25MHz.qip -library pll_25MHz was ignored
    Warning (20014): Assignment for entity set_global_assignment -name IP_COMPONENT_AUTHOR QWx0ZXJhIENvcnBvcmF0aW9u -entity pll_25MHz_0002 -qip pll_25MHz.qip -library pll_25MHz was ignored
    Warning (20014): Assignment for entity set_global_assignment -name IP_COMPONENT_VERSION "MTQuMA==" -entity pll_25MHz_0002 -qip pll_25MHz.qip -library pll_25MHz was ignored
    Warning (20014): Assignment for entity set_global_assignment -name IP_COMPONENT_DESCRIPTION "QWx0ZXJhIFBoYXNlLUxvY2tlZCBMb29wIChBTFRFUkFfUExMKQ==" -entity pll_25MHz_0002 -qip pll_25MHz.qip -library pll_25MHz was ignored
    Warning (20014): Assignment for entity set_global_assignment -name IP_COMPONENT_PARAMETER "QVVUT19SRUZDTEtfQ0xPQ0tfUkFURQ==::LTE=::QXV0byBDTE9DS19SQVRF" -entity pll_25MHz_0002 -qip pll_25MHz.qip -library pll_25MHz was ignored
Info (115030): Assembler is generating device programming files
Info (115017): Design contains a time-limited core -- only a single, time-limited programming file can be generated
Warning (210042): Can't convert time-limited SOF into POF, HEX File, TTF, or RBF
Info (210040): SRAM Object File /home/letrend/workspace/roboy_middleware/src/roboy_powerlink/openPowerLink/hardware/boards/altera-c5soc/mn-soc-shmem-gpio2/quartus/output_files/DE10_NANO_SoC_GHRD_time_limited.sof contains time-limited megafunction that supports OpenCore Plus feature -- Vendor: 0x6AF7, Product: 0x00A2
Warning (11713): The configuration of the Hard Processor Subsystem (HPS) within this design has changed.
The Preloader software that initializes the HPS requires an update.
Using hps_isw_handoff/soc_system_host_0_hps_0/, run the Preloader Support Package Generator to update your Preloader software
Info: Quartus II 64-Bit Assembler was successful. 0 errors, 32 warnings
    Info: Peak virtual memory: 1039 megabytes
    Info: Processing ended: Mon Feb 12 23:18:15 2018
    Info: Elapsed time: 00:00:22
    Info: Total CPU time (on all processors): 00:00:22


